<?xml version="1.0" encoding="UTF-8"?>
<testng-results ignored="0" total="1" passed="1" failed="0" skipped="0">
  <reporter-output>
  </reporter-output>
  <suite started-at="2024-12-18T09:55:07Z" name="Suite" finished-at="2024-12-18T09:55:51Z" duration-ms="43918">
    <groups>
    </groups>
    <test started-at="2024-12-18T09:55:07Z" name="Test" finished-at="2024-12-18T09:55:51Z" duration-ms="43918">
      <class name="org.mobile.RedmiNote">
        <test-method signature="redmi()[pri:0, instance:org.mobile.RedmiNote@2812b107]" started-at="2024-12-18T09:55:07Z" name="redmi" finished-at="2024-12-18T09:55:51Z" duration-ms="43902" status="PASS">
          <reporter-output>
          </reporter-output>
        </test-method> <!-- redmi -->
      </class> <!-- org.mobile.RedmiNote -->
    </test> <!-- Test -->
  </suite> <!-- Suite -->
</testng-results>
